# JRE version: Java(TM) SE Runtime Environment (8.0_73-b02) (build 1.8.0_73-b02)
# Java VM: Java HotSpot(TM) 64-Bit Server VM (25.73-b02 mixed mode windows-amd64 compressed oops)
Heap:
 PSYoungGen      total 68608K, used 58736K [0x00000000d7300000, 0x00000000dbb00000, 0x0000000100000000)
  eden space 63488K, 84% used [0x00000000d7300000,0x00000000da763400,0x00000000db100000)
  from space 5120K, 99% used [0x00000000db600000,0x00000000dbaf8dd0,0x00000000dbb00000)
  to   space 5120K, 0% used [0x00000000db100000,0x00000000db100000,0x00000000db600000)
 ParOldGen       total 84992K, used 33551K [0x0000000085800000, 0x000000008ab00000, 0x00000000d7300000)
  object space 84992K, 39% used [0x0000000085800000,0x00000000878c3fa0,0x000000008ab00000)
 Metaspace       used 15015K, capacity 15226K, committed 15488K, reserved 1062912K
  class space    used 2017K, capacity 2097K, committed 2176K, reserved 1048576K
GC Heap History (4 events):
Event: 0.939 GC heap before
{Heap before GC invocations=1 (full 0):
 PSYoungGen      total 36864K, used 31744K [0x00000000d7300000, 0x00000000d9c00000, 0x0000000100000000)
  eden space 31744K, 100% used [0x00000000d7300000,0x00000000d9200000,0x00000000d9200000)
  from space 5120K, 0% used [0x00000000d9700000,0x00000000d9700000,0x00000000d9c00000)
  to   space 5120K, 0% used [0x00000000d9200000,0x00000000d9200000,0x00000000d9700000)
 ParOldGen       total 84992K, used 0K [0x0000000085800000, 0x000000008ab00000, 0x00000000d7300000)
  object space 84992K, 0% used [0x0000000085800000,0x0000000085800000,0x000000008ab00000)
 Metaspace       used 14423K, capacity 14620K, committed 14848K, reserved 1062912K
  class space    used 1952K, capacity 2028K, committed 2048K, reserved 1048576K
Event: 0.967 GC heap after
Heap after GC invocations=1 (full 0):
 PSYoungGen      total 36864K, used 5091K [0x00000000d7300000, 0x00000000dbb00000, 0x0000000100000000)
  eden space 31744K, 0% used [0x00000000d7300000,0x00000000d7300000,0x00000000d9200000)
  from space 5120K, 99% used [0x00000000d9200000,0x00000000d96f8df0,0x00000000d9700000)
  to   space 5120K, 0% used [0x00000000db600000,0x00000000db600000,0x00000000dbb00000)
 ParOldGen       total 84992K, used 12872K [0x0000000085800000, 0x000000008ab00000, 0x00000000d7300000)
  object space 84992K, 15% used [0x0000000085800000,0x0000000086492380,0x000000008ab00000)
 Metaspace       used 14423K, capacity 14620K, committed 14848K, reserved 1062912K
  class space    used 1952K, capacity 2028K, committed 2048K, reserved 1048576K
}
Event: 1.141 GC heap before
{Heap before GC invocations=2 (full 0):
 PSYoungGen      total 36864K, used 36835K [0x00000000d7300000, 0x00000000dbb00000, 0x0000000100000000)
  eden space 31744K, 100% used [0x00000000d7300000,0x00000000d9200000,0x00000000d9200000)
  from space 5120K, 99% used [0x00000000d9200000,0x00000000d96f8df0,0x00000000d9700000)
  to   space 5120K, 0% used [0x00000000db600000,0x00000000db600000,0x00000000dbb00000)
 ParOldGen       total 84992K, used 12872K [0x0000000085800000, 0x000000008ab00000, 0x00000000d7300000)
  object space 84992K, 15% used [0x0000000085800000,0x0000000086492380,0x000000008ab00000)
 Metaspace       used 14424K, capacity 14620K, committed 14848K, reserved 1062912K
  class space    used 1952K, capacity 2028K, committed 2048K, reserved 1048576K
Event: 1.294 GC heap after
Heap after GC invocations=2 (full 0):
 PSYoungGen      total 68608K, used 5091K [0x00000000d7300000, 0x00000000dbb00000, 0x0000000100000000)
  eden space 63488K, 0% used [0x00000000d7300000,0x00000000d7300000,0x00000000db100000)
  from space 5120K, 99% used [0x00000000db600000,0x00000000dbaf8dd0,0x00000000dbb00000)
  to   space 5120K, 0% used [0x00000000db100000,0x00000000db100000,0x00000000db600000)
 ParOldGen       total 84992K, used 33551K [0x0000000085800000, 0x000000008ab00000, 0x00000000d7300000)
  object space 84992K, 39% used [0x0000000085800000,0x00000000878c3fa0,0x000000008ab00000)
 Metaspace       used 14424K, capacity 14620K, committed 14848K, reserved 1062912K
  class space    used 1952K, capacity 2028K, committed 2048K, reserved 1048576K
}

